<?xml version="1.0" encoding="UTF-8"?>
<testng-results skipped="0" failed="0" ignored="0" total="0" passed="0">
  <reporter-output>
  </reporter-output>
  <suite name="Suite1" duration-ms="28" started-at="2018-08-11T23:32:45Z" finished-at="2018-08-11T23:32:45Z">
    <groups>
    </groups>
    <test name="Category And Task" duration-ms="28" started-at="2018-08-11T23:32:45Z" finished-at="2018-08-11T23:32:45Z">
      <class name="com.dotdash.execises.TestConfig">
        <test-method status="FAIL" signature="beforeTest(java.lang.String, java.lang.String)[pri:0, instance:com.dotdash.execises.TestConfig@1e88b3c]" name="beforeTest" is-config="true" duration-ms="2605" started-at="2018-08-11T23:32:43Z" finished-at="2018-08-11T23:32:45Z">
          <params>
            <param index="0">
              <value>
                <![CDATA[Suite1]]>
              </value>
            </param>
            <param index="1">
              <value>
                <![CDATA[true]]>
              </value>
            </param>
          </params>
          <exception class="org.openqa.selenium.SessionNotCreatedException">
            <message>
              <![CDATA[Unable to find a matching set of capabilities
Build info: version: '3.9.1', revision: '63f7b50', time: '2018-02-07T22:42:22.379Z'
System info: host: 'MUMAL', ip: '192.168.117.2', os.name: 'Windows 8', os.arch: 'amd64', os.version: '6.2', java.version: '1.8.0_171'
Driver info: driver.version: FirefoxDriver
remote stacktrace: stack backtrace:
   0:           0x47e934 - <no info>
   1:           0x47f0a3 - <no info>
   2:           0x442511 - <no info>
   3:           0x4436da - <no info>
   4:           0x42a890 - <no info>
   5:           0x406f5e - <no info>
   6:           0x40cfc9 - <no info>
   7:           0x6bef19 - <no info>
   8:           0x420756 - <no info>
   9:           0x6b96e0 - <no info>
  10:      0x7f842b21842 - BaseThreadInitThunk]]>
            </message>
            <full-stacktrace>
              <![CDATA[org.openqa.selenium.SessionNotCreatedException: Unable to find a matching set of capabilities
Build info: version: '3.9.1', revision: '63f7b50', time: '2018-02-07T22:42:22.379Z'
System info: host: 'MUMAL', ip: '192.168.117.2', os.name: 'Windows 8', os.arch: 'amd64', os.version: '6.2', java.version: '1.8.0_171'
Driver info: driver.version: FirefoxDriver
remote stacktrace: stack backtrace:
   0:           0x47e934 - <no info>
   1:           0x47f0a3 - <no info>
   2:           0x442511 - <no info>
   3:           0x4436da - <no info>
   4:           0x42a890 - <no info>
   5:           0x406f5e - <no info>
   6:           0x40cfc9 - <no info>
   7:           0x6bef19 - <no info>
   8:           0x420756 - <no info>
   9:           0x6b96e0 - <no info>
  10:      0x7f842b21842 - BaseThreadInitThunk
at sun.reflect.NativeConstructorAccessorImpl.newInstance0(Native Method)
at sun.reflect.NativeConstructorAccessorImpl.newInstance(Unknown Source)
at sun.reflect.DelegatingConstructorAccessorImpl.newInstance(Unknown Source)
at java.lang.reflect.Constructor.newInstance(Unknown Source)
at org.openqa.selenium.remote.W3CHandshakeResponse.lambda$new$0(W3CHandshakeResponse.java:57)
at org.openqa.selenium.remote.W3CHandshakeResponse.lambda$getResponseFunction$2(W3CHandshakeResponse.java:104)
at org.openqa.selenium.remote.ProtocolHandshake.lambda$createSession$0(ProtocolHandshake.java:123)
at java.util.stream.ReferencePipeline$3$1.accept(Unknown Source)
at java.util.Spliterators$ArraySpliterator.tryAdvance(Unknown Source)
at java.util.stream.ReferencePipeline.forEachWithCancel(Unknown Source)
at java.util.stream.AbstractPipeline.copyIntoWithCancel(Unknown Source)
at java.util.stream.AbstractPipeline.copyInto(Unknown Source)
at java.util.stream.AbstractPipeline.wrapAndCopyInto(Unknown Source)
at java.util.stream.FindOps$FindOp.evaluateSequential(Unknown Source)
at java.util.stream.AbstractPipeline.evaluate(Unknown Source)
at java.util.stream.ReferencePipeline.findFirst(Unknown Source)
at org.openqa.selenium.remote.ProtocolHandshake.createSession(ProtocolHandshake.java:126)
at org.openqa.selenium.remote.ProtocolHandshake.createSession(ProtocolHandshake.java:73)
at org.openqa.selenium.remote.HttpCommandExecutor.execute(HttpCommandExecutor.java:138)
at org.openqa.selenium.remote.service.DriverCommandExecutor.execute(DriverCommandExecutor.java:83)
at org.openqa.selenium.remote.RemoteWebDriver.execute(RemoteWebDriver.java:601)
at org.openqa.selenium.remote.RemoteWebDriver.startSession(RemoteWebDriver.java:219)
at org.openqa.selenium.remote.RemoteWebDriver.<init>(RemoteWebDriver.java:142)
at org.openqa.selenium.firefox.FirefoxDriver.<init>(FirefoxDriver.java:120)
at org.openqa.selenium.firefox.FirefoxDriver.<init>(FirefoxDriver.java:98)
at Library.DotDashLibrary.LaunchApp(DotDashLibrary.java:50)
at com.dotdash.execises.TestConfig.beforeTest(TestConfig.java:25)
at sun.reflect.NativeMethodAccessorImpl.invoke0(Native Method)
at sun.reflect.NativeMethodAccessorImpl.invoke(Unknown Source)
at sun.reflect.DelegatingMethodAccessorImpl.invoke(Unknown Source)
at java.lang.reflect.Method.invoke(Unknown Source)
at org.testng.internal.MethodInvocationHelper.invokeMethod(MethodInvocationHelper.java:124)
at org.testng.internal.MethodInvocationHelper.invokeMethodConsideringTimeout(MethodInvocationHelper.java:59)
at org.testng.internal.Invoker.invokeConfigurationMethod(Invoker.java:455)
at org.testng.internal.Invoker.invokeConfigurations(Invoker.java:222)
at org.testng.internal.Invoker.invokeConfigurations(Invoker.java:142)
at org.testng.SuiteRunner.privateRun(SuiteRunner.java:401)
at org.testng.SuiteRunner.run(SuiteRunner.java:364)
at org.testng.SuiteRunnerWorker.runSuite(SuiteRunnerWorker.java:52)
at org.testng.SuiteRunnerWorker.run(SuiteRunnerWorker.java:84)
at org.testng.TestNG.runSuitesSequentially(TestNG.java:1208)
at org.testng.TestNG.runSuitesLocally(TestNG.java:1137)
at org.testng.TestNG.runSuites(TestNG.java:1049)
at org.testng.TestNG.run(TestNG.java:1017)
at org.testng.remote.AbstractRemoteTestNG.run(AbstractRemoteTestNG.java:114)
at org.testng.remote.RemoteTestNG.initAndRun(RemoteTestNG.java:251)
at org.testng.remote.RemoteTestNG.main(RemoteTestNG.java:77)
]]>
            </full-stacktrace>
          </exception> <!-- org.openqa.selenium.SessionNotCreatedException -->
          <reporter-output>
          </reporter-output>
        </test-method> <!-- beforeTest -->
        <test-method status="SKIP" signature="afterTest()[pri:0, instance:com.dotdash.execises.TestConfig@1e88b3c]" name="afterTest" is-config="true" duration-ms="0" started-at="2018-08-11T23:32:45Z" finished-at="2018-08-11T23:32:45Z">
          <reporter-output>
          </reporter-output>
        </test-method> <!-- afterTest -->
      </class> <!-- com.dotdash.execises.TestConfig -->
    </test> <!-- Category And Task -->
  </suite> <!-- Suite1 -->
</testng-results>
